2024-02-17 11:19:20 - INFO - User login successful.
2024-02-17 11:19:20 - ERROR - File not found.
2024-02-17 11:19:20 - INFO - System error occurred.
2024-02-17 11:19:20 - WARNING - Debugging mode enabled.
2024-02-17 11:19:20 - DEBUG - System error occurred.
2024-02-17 11:19:20 - INFO - File not found.
2024-02-17 11:19:20 - DEBUG - User login successful.
2024-02-17 11:19:20 - WARNING - User login successful.
2024-02-17 11:19:20 - ERROR - System error occurred.
2024-02-17 11:19:20 - INFO - File not found.
2024-02-17 11:19:20 - WARNING - System error occurred.
2024-02-17 11:19:20 - ERROR - Debugging mode enabled.
2024-02-17 11:19:20 - DEBUG - System error occurred.
2024-02-17 11:19:20 - DEBUG - User login successful.
2024-02-17 11:19:20 - ERROR - File not found.
2024-02-17 11:19:20 - WARNING - File not found.
2024-02-17 11:19:20 - DEBUG - File not found.
2024-02-17 11:19:20 - INFO - File not found.
2024-02-17 11:19:20 - ERROR - System error occurred.
2024-02-17 11:19:20 - DEBUG - User login successful.
2024-02-17 11:19:20 - DEBUG - System error occurred.
2024-02-17 11:19:20 - INFO - User login successful.
2024-02-17 11:19:20 - WARNING - File not found.
2024-02-17 11:19:20 - ERROR - User login successful.
2024-02-17 11:19:20 - ERROR - Debugging mode enabled.
2024-02-17 11:19:20 - WARNING - Debugging mode enabled.
2024-02-17 11:19:20 - ERROR - System error occurred.
2024-02-17 11:19:20 - WARNING - System error occurred.
2024-02-17 11:19:20 - DEBUG - File not found.
2024-02-17 11:19:20 - WARNING - User login successful.
2024-02-17 11:19:20 - ERROR - User login successful.
2024-02-17 11:19:20 - DEBUG - File not found.
2024-02-17 11:19:20 - DEBUG - Debugging mode enabled.
2024-02-17 11:19:20 - WARNING - Debugging mode enabled.
2024-02-17 11:19:20 - INFO - System error occurred.
2024-02-17 11:19:20 - INFO - User login successful.
2024-02-17 11:19:20 - ERROR - File not found.
2024-02-17 11:19:20 - WARNING - User login successful.
2024-02-17 11:19:20 - DEBUG - User login successful.
2024-02-17 11:19:20 - INFO - File not found.
2024-02-17 11:19:20 - DEBUG - System error occurred.
2024-02-17 11:19:20 - WARNING - Debugging mode enabled.
2024-02-17 11:19:20 - INFO - Debugging mode enabled.
2024-02-17 11:19:20 - INFO - System error occurred.
2024-02-17 11:19:20 - INFO - User login successful.
2024-02-17 11:19:20 - WARNING - File not found.
2024-02-17 11:19:20 - ERROR - Debugging mode enabled.
2024-02-17 11:19:20 - WARNING - File not found.
2024-02-17 11:19:20 - INFO - User login successful.
2024-02-17 11:19:20 - INFO - User login successful.
2024-02-17 11:19:20 - ERROR - User login successful.
2024-02-17 11:19:20 - ERROR - System error occurred.
2024-02-17 11:19:20 - WARNING - Debugging mode enabled.
2024-02-17 11:19:20 - ERROR - File not found.
2024-02-17 11:19:20 - ERROR - System error occurred.
2024-02-17 11:19:20 - INFO - User login successful.
2024-02-17 11:19:20 - INFO - System error occurred.
2024-02-17 11:19:20 - INFO - File not found.
2024-02-17 11:19:20 - DEBUG - User login successful.
2024-02-17 11:19:20 - INFO - System error occurred.
2024-02-17 11:19:20 - WARNING - System error occurred.
2024-02-17 11:19:20 - WARNING - Debugging mode enabled.
2024-02-17 11:19:20 - WARNING - User login successful.
2024-02-17 11:19:20 - DEBUG - User login successful.
2024-02-17 11:19:20 - WARNING - User login successful.
2024-02-17 11:19:20 - INFO - System error occurred.
2024-02-17 11:19:20 - WARNING - File not found.
2024-02-17 11:19:20 - INFO - File not found.
2024-02-17 11:19:20 - ERROR - System error occurred.
2024-02-17 11:19:20 - ERROR - File not found.
2024-02-17 11:19:20 - WARNING - System error occurred.
2024-02-17 11:19:20 - ERROR - User login successful.
2024-02-17 11:19:20 - DEBUG - User login successful.
2024-02-17 11:19:20 - ERROR - System error occurred.
2024-02-17 11:19:20 - DEBUG - User login successful.
2024-02-17 11:19:20 - WARNING - System error occurred.
2024-02-17 11:19:20 - INFO - System error occurred.
2024-02-17 11:19:20 - WARNING - User login successful.
2024-02-17 11:19:20 - INFO - User login successful.
2024-02-17 11:19:20 - WARNING - System error occurred.
2024-02-17 11:19:20 - INFO - Debugging mode enabled.
2024-02-17 11:19:20 - INFO - Debugging mode enabled.
2024-02-17 11:19:20 - WARNING - Debugging mode enabled.
2024-02-17 11:19:20 - WARNING - File not found.
2024-02-17 11:19:20 - WARNING - System error occurred.
2024-02-17 11:19:20 - INFO - File not found.
2024-02-17 11:19:20 - INFO - User login successful.
2024-02-17 11:19:20 - INFO - User login successful.
2024-02-17 11:19:20 - WARNING - File not found.
2024-02-17 11:19:20 - INFO - File not found.
2024-02-17 11:19:20 - DEBUG - User login successful.
2024-02-17 11:19:20 - WARNING - Debugging mode enabled.
2024-02-17 11:19:20 - WARNING - File not found.
2024-02-17 11:19:20 - INFO - System error occurred.
2024-02-17 11:19:20 - WARNING - System error occurred.
2024-02-17 11:19:20 - INFO - User login successful.
2024-02-17 11:19:20 - WARNING - System error occurred.
2024-02-17 11:19:20 - DEBUG - File not found.
2024-02-17 11:19:20 - ERROR - System error occurred.
2024-02-17 11:19:20 - ERROR - System error occurred.
